
> spawn-sync@1.0.13 postinstall /Users/PheMestre/Dropbox/Projects/Shell/node_modules/node-sass/node_modules/cross-spawn/node_modules/spawn-sync
> node postinstall


> node-sass@3.4.2 install /Users/PheMestre/Dropbox/Projects/Shell/node_modules/node-sass
> node scripts/install.js

Binary downloaded and installed at /Users/PheMestre/Dropbox/Projects/Shell/node_modules/node-sass/vendor/darwin-x64-46/binding.node

> node-sass@3.4.2 postinstall /Users/PheMestre/Dropbox/Projects/Shell/node_modules/node-sass
> node scripts/build.js

` /Users/PheMestre/Dropbox/Projects/Shell/node_modules/node-sass/vendor/darwin-x64-46/binding.node ` exists. 
 testing binary.
Binary is fine; exiting.
node-sass@3.4.2 node_modules/node-sass
├── get-stdin@4.0.1
├── async-foreach@0.1.3
├── mkdirp@0.5.1 (minimist@0.0.8)
├── chalk@1.1.1 (escape-string-regexp@1.0.3, supports-color@2.0.0, ansi-styles@2.1.0, strip-ansi@3.0.0, has-ansi@2.0.0)
├── npmconf@2.1.2 (uid-number@0.0.5, ini@1.3.4, inherits@2.0.1, once@1.3.3, osenv@0.1.3, config-chain@1.1.9, nopt@3.0.6, semver@4.3.6)
├── glob@5.0.15 (path-is-absolute@1.0.0, inherits@2.0.1, inflight@1.0.4, once@1.3.3, minimatch@3.0.0)
├── nan@2.1.0
├── meow@3.6.0 (trim-newlines@1.0.0, object-assign@4.0.1, minimist@1.2.0, camelcase-keys@2.0.0, loud-rejection@1.2.0, redent@1.0.0, normalize-package-data@2.3.5, read-pkg-up@1.0.1)
├── cross-spawn@2.1.0 (cross-spawn-async@2.1.1, spawn-sync@1.0.13)
├── gaze@0.5.2 (globule@0.1.0)
├── request@2.67.0 (is-typedarray@1.0.0, forever-agent@0.6.1, aws-sign2@0.6.0, caseless@0.11.0, stringstream@0.0.5, tunnel-agent@0.4.2, oauth-sign@0.8.0, isstream@0.1.2, json-stringify-safe@5.0.1, extend@3.0.0, node-uuid@1.4.7, qs@5.2.0, combined-stream@1.0.5, tough-cookie@2.2.1, mime-types@2.1.8, form-data@1.0.0-rc3, bl@1.0.0, http-signature@1.1.0, hawk@3.1.2, har-validator@2.0.3)
├── sass-graph@2.0.1 (yargs@3.31.0, lodash@3.10.1)
└── node-gyp@3.2.1 (graceful-fs@4.1.2, osenv@0.1.3, semver@5.1.0, nopt@3.0.6, which@1.2.0, minimatch@1.0.0, fstream@1.0.8, glob@4.5.3, rimraf@2.4.4, tar@2.2.1, path-array@1.0.0, npmlog@1.2.1)
